<?xml version="1.0" encoding="utf-8"?><testsuites name="pytest tests"><testsuite name="pytest" errors="0" failures="0" skipped="0" tests="14" time="3.429" timestamp="2026-05-16T05:25:38.643665+00:00" hostname="agent-env-97578d19-37fd-474f-924b-7fcaded82f1d"><testcase classname="backend.tests.test_iteration8_monetization.TestAuth" name="test_super_admin_login" time="0.490" /><testcase classname="backend.tests.test_iteration8_monetization.TestAuth" name="test_photographer_login" time="0.290" /><testcase classname="backend.tests.test_iteration8_monetization.TestSACreditPacks" name="test_list_returns_three_seeded_packs" time="0.367" /><testcase classname="backend.tests.test_iteration8_monetization.TestSACreditPacks" name="test_create_update_delete_pack" time="0.271" /><testcase classname="backend.tests.test_iteration8_monetization.TestPhotographerPacks" name="test_list_only_active" time="0.355" /><testcase classname="backend.tests.test_iteration8_monetization.TestPurchase" name="test_create_order_returns_razorpay_test_key" time="1.020" /><testcase classname="backend.tests.test_iteration8_monetization.TestPurchase" name="test_verify_invalid_signature" time="0.072" /><testcase classname="backend.tests.test_iteration8_monetization.TestPurchase" name="test_purchase_history" time="0.067" /><testcase classname="backend.tests.test_iteration8_monetization.TestPhotographerDetail" name="test_detail_structure" time="0.075" /><testcase classname="backend.tests.test_iteration8_monetization.TestAuthEnforcement" name="test_admin_packs_no_auth_401" time="0.066" /><testcase classname="backend.tests.test_iteration8_monetization.TestAuthEnforcement" name="test_sa_packs_with_photographer_token_403" time="0.074" /><testcase classname="backend.tests.test_iteration8_monetization.TestRazorpayWebhook" name="test_empty_body_accepted" time="0.066" /><testcase classname="backend.tests.test_iteration8_monetization.TestInviteCacheControl" name="test_cache_control_header_on_invite" time="0.004" /><testcase classname="backend.tests.test_iteration8_monetization.TestInviteCacheControl" name="test_bot_ua_not_blocked_on_invite" time="0.066" /></testsuite></testsuites>