<?xml version="1.0" encoding="utf-8"?><testsuites name="pytest tests"><testsuite name="pytest" errors="0" failures="0" skipped="0" tests="7" time="1.735" timestamp="2026-05-16T06:33:31.622567+00:00" hostname="agent-env-97578d19-37fd-474f-924b-7fcaded82f1d"><testcase classname="backend.tests.test_iteration10_session4.TestMusicPresets" name="test_public_no_auth_required" time="0.131" /><testcase classname="backend.tests.test_iteration10_session4.TestMusicPresets" name="test_preset_shape" time="0.100" /><testcase classname="backend.tests.test_iteration10_session4.TestMusicPresets" name="test_devotional_count_and_titles" time="0.093" /><testcase classname="backend.tests.test_iteration10_session4.TestExtendedFields" name="test_create_with_maja_and_round_trip" time="0.558" /><testcase classname="backend.tests.test_iteration10_session4.TestExtendedFields" name="test_upload_photo_to_profile" time="0.151" /><testcase classname="backend.tests.test_iteration10_session4.TestRegression" name="test_photog_list_returns_demo" time="0.181" /><testcase classname="backend.tests.test_iteration10_session4.TestRegression" name="test_sa_photographer_detail" time="0.444" /></testsuite></testsuites>