<?xml version="1.0" encoding="utf-8"?><testsuites name="pytest tests"><testsuite name="pytest" errors="0" failures="9" skipped="0" tests="25" time="6.726" timestamp="2026-05-16T05:23:37.938934+00:00" hostname="agent-env-97578d19-37fd-474f-924b-7fcaded82f1d"><testcase classname="backend.tests.test_monetization_credits.TestSuperAdminCreditPacks" name="test_list_requires_super_admin" time="0.698" /><testcase classname="backend.tests.test_monetization_credits.TestSuperAdminCreditPacks" name="test_list_with_sa" time="0.376" /><testcase classname="backend.tests.test_monetization_credits.TestSuperAdminCreditPacks" name="test_create_pack" time="0.077" /><testcase classname="backend.tests.test_monetization_credits.TestSuperAdminCreditPacks" name="test_create_validation" time="0.076" /><testcase classname="backend.tests.test_monetization_credits.TestSuperAdminCreditPacks" name="test_update_pack" time="0.075" /><testcase classname="backend.tests.test_monetization_credits.TestSuperAdminCreditPacks" name="test_admin_list_only_active_sorted" time="0.172" /><testcase classname="backend.tests.test_monetization_credits.TestSuperAdminCreditPacks" name="test_delete_pack" time="0.165" /><testcase classname="backend.tests.test_monetization_credits.TestPurchaseCreateOrder" name="test_requires_admin" time="0.079" /><testcase classname="backend.tests.test_monetization_credits.TestPurchaseCreateOrder" name="test_unknown_pack_returns_404" time="0.079" /><testcase classname="backend.tests.test_monetization_credits.TestPurchaseCreateOrder" name="test_create_order_with_placeholder_keys" time="0.092"><failure message="AssertionError: 404 {&quot;detail&quot;:&quot;Pack not found or inactive&quot;}&#10;assert 404 in (200, 502, 503)&#10; +  where 404 = &lt;Response [404]&gt;.status_code">backend/tests/test_monetization_credits.py:231: in test_create_order_with_placeholder_keys
    assert r.status_code in (200, 502, 503), f"{r.status_code} {r.text}"
E   AssertionError: 404 {"detail":"Pack not found or inactive"}
E   assert 404 in (200, 502, 503)
E    +  where 404 = &lt;Response [404]&gt;.status_code</failure></testcase><testcase classname="backend.tests.test_monetization_credits.TestPurchaseVerify" name="test_verify_invalid_signature" time="0.390"><failure message="AssertionError: 404 {&quot;detail&quot;:&quot;Purchase not found for this admin&quot;}&#10;assert 404 in (400, 503)&#10; +  where 404 = &lt;Response [404]&gt;.status_code">backend/tests/test_monetization_credits.py:272: in test_verify_invalid_signature
    assert r.status_code in (400, 503), f"{r.status_code} {r.text}"
E   AssertionError: 404 {"detail":"Purchase not found for this admin"}
E   assert 404 in (400, 503)
E    +  where 404 = &lt;Response [404]&gt;.status_code</failure></testcase><testcase classname="backend.tests.test_monetization_credits.TestPurchaseVerify" name="test_verify_unknown_order_404" time="0.084" /><testcase classname="backend.tests.test_monetization_credits.TestPurchaseVerify" name="test_verify_already_credited_idempotent" time="0.109"><failure message="assert 404 in (400, 503)&#10; +  where 404 = &lt;Response [404]&gt;.status_code">backend/tests/test_monetization_credits.py:325: in test_verify_already_credited_idempotent
    assert r.status_code in (400, 503)
E   assert 404 in (400, 503)
E    +  where 404 = &lt;Response [404]&gt;.status_code</failure></testcase><testcase classname="backend.tests.test_monetization_credits.TestRazorpayWebhook" name="test_webhook_placeholder_secret_accepts" time="0.089" /><testcase classname="backend.tests.test_monetization_credits.TestRazorpayWebhook" name="test_webhook_idempotent_payment_captured" time="0.715"><failure message="AssertionError: Expected 1 ledger entry, got 0&#10;assert 0 == 1">backend/tests/test_monetization_credits.py:396: in test_webhook_idempotent_payment_captured
    assert count == 1, f"Expected 1 ledger entry, got {count}"
E   AssertionError: Expected 1 ledger entry, got 0
E   assert 0 == 1</failure></testcase><testcase classname="backend.tests.test_monetization_credits.TestPurchaseHistory" name="test_history_returns_self_only" time="0.077"><failure message="AssertionError: assert 'purch_TEST_119a2cfee3' in []">backend/tests/test_monetization_credits.py:448: in test_history_returns_self_only
    assert purchase_id in ids
E   AssertionError: assert 'purch_TEST_119a2cfee3' in []</failure></testcase><testcase classname="backend.tests.test_monetization_credits.TestSuperAdminPhotographerDetail" name="test_unknown_admin_returns_404" time="0.080" /><testcase classname="backend.tests.test_monetization_credits.TestSuperAdminPhotographerDetail" name="test_requires_super_admin" time="0.077" /><testcase classname="backend.tests.test_monetization_credits.TestSuperAdminPhotographerDetail" name="test_detail_structure" time="0.079" /><testcase classname="backend.tests.test_monetization_credits.TestScalingHeadersAndWhitelist" name="test_public_wishes_cache_control" time="0.004"><failure message="assert 404 == 200&#10; +  where 404 = &lt;Response [404]&gt;.status_code">backend/tests/test_monetization_credits.py:512: in test_public_wishes_cache_control
    assert r.status_code == 200
E   assert 404 == 200
E    +  where 404 = &lt;Response [404]&gt;.status_code</failure></testcase><testcase classname="backend.tests.test_monetization_credits.TestScalingHeadersAndWhitelist" name="test_uploads_cache_control" time="0.044" /><testcase classname="backend.tests.test_monetization_credits.TestScalingHeadersAndWhitelist" name="test_wishes_moderation_endpoint_not_abuse_blocked" time="2.342" /><testcase classname="backend.tests.test_monetization_credits.TestNoRegression" name="test_live_gallery_public_list" time="0.079"><failure message="assert 404 == 200&#10; +  where 404 = &lt;Response [404]&gt;.status_code">backend/tests/test_monetization_credits.py:550: in test_live_gallery_public_list
    assert r.status_code == 200
E   assert 404 == 200
E    +  where 404 = &lt;Response [404]&gt;.status_code</failure></testcase><testcase classname="backend.tests.test_monetization_credits.TestNoRegression" name="test_public_wishes" time="0.076"><failure message="assert 404 == 200&#10; +  where 404 = &lt;Response [404]&gt;.status_code">backend/tests/test_monetization_credits.py:557: in test_public_wishes
    assert r.status_code == 200
E   assert 404 == 200
E    +  where 404 = &lt;Response [404]&gt;.status_code</failure></testcase><testcase classname="backend.tests.test_monetization_credits.TestNoRegression" name="test_analytics_heatmap" time="0.078"><failure message="assert 404 == 200&#10; +  where 404 = &lt;Response [404]&gt;.status_code">backend/tests/test_monetization_credits.py:564: in test_analytics_heatmap
    assert r.status_code == 200
E   assert 404 == 200
E    +  where 404 = &lt;Response [404]&gt;.status_code</failure></testcase></testsuite></testsuites>