<?xml version="1.0" encoding="utf-8"?><testsuites name="pytest tests"><testsuite name="pytest" errors="0" failures="0" skipped="0" tests="10" time="3.007" timestamp="2026-05-16T05:54:57.273815+00:00" hostname="agent-env-97578d19-37fd-474f-924b-7fcaded82f1d"><testcase classname="backend.tests.test_iteration9_session3_fixes.TestCreatePhotographerValidation" name="test_short_password_rejected" time="0.595" /><testcase classname="backend.tests.test_iteration9_session3_fixes.TestCreatePhotographerValidation" name="test_valid_password_accepted" time="0.429" /><testcase classname="backend.tests.test_iteration9_session3_fixes.TestOnBehalfOf" name="test_sa_creates_profile_on_behalf" time="0.633" /><testcase classname="backend.tests.test_iteration9_session3_fixes.TestOnBehalfOf" name="test_photographer_cannot_impersonate" time="0.747" /><testcase classname="backend.tests.test_iteration9_session3_fixes.TestOnBehalfOf" name="test_sa_on_behalf_unknown_id_returns_404" time="0.102" /><testcase classname="backend.tests.test_iteration9_session3_fixes.TestDemoInvitation" name="test_photographer_lists_demo_profile" time="0.098" /><testcase classname="backend.tests.test_iteration9_session3_fixes.TestDemoInvitation" name="test_sa_photographer_detail_metrics" time="0.110" /><testcase classname="backend.tests.test_iteration9_session3_fixes.TestDemoInvitation" name="test_public_gallery_photos" time="0.102" /><testcase classname="backend.tests.test_iteration9_session3_fixes.TestDemoInvitation" name="test_public_invite_loads" time="0.101" /><testcase classname="backend.tests.test_iteration9_session3_fixes.TestDemoInvitation" name="test_public_invite_cache_header" time="0.004" /></testsuite></testsuites>