<?xml version="1.0" encoding="utf-8"?><testsuites name="pytest tests"><testsuite name="pytest" errors="0" failures="0" skipped="0" tests="25" time="6.539" timestamp="2026-05-16T03:05:47.486520+00:00" hostname="agent-env-fc2f18ed-5e2d-442c-a556-814ac9c9b6a9"><testcase classname="backend.tests.test_monetization_credits.TestSuperAdminCreditPacks" name="test_list_requires_super_admin" time="0.671" /><testcase classname="backend.tests.test_monetization_credits.TestSuperAdminCreditPacks" name="test_list_with_sa" time="0.359" /><testcase classname="backend.tests.test_monetization_credits.TestSuperAdminCreditPacks" name="test_create_pack" time="0.069" /><testcase classname="backend.tests.test_monetization_credits.TestSuperAdminCreditPacks" name="test_create_validation" time="0.069" /><testcase classname="backend.tests.test_monetization_credits.TestSuperAdminCreditPacks" name="test_update_pack" time="0.068" /><testcase classname="backend.tests.test_monetization_credits.TestSuperAdminCreditPacks" name="test_admin_list_only_active_sorted" time="0.137" /><testcase classname="backend.tests.test_monetization_credits.TestSuperAdminCreditPacks" name="test_delete_pack" time="0.132" /><testcase classname="backend.tests.test_monetization_credits.TestPurchaseCreateOrder" name="test_requires_admin" time="0.066" /><testcase classname="backend.tests.test_monetization_credits.TestPurchaseCreateOrder" name="test_unknown_pack_returns_404" time="0.067" /><testcase classname="backend.tests.test_monetization_credits.TestPurchaseCreateOrder" name="test_create_order_with_placeholder_keys" time="0.869" /><testcase classname="backend.tests.test_monetization_credits.TestPurchaseVerify" name="test_verify_invalid_signature" time="0.373" /><testcase classname="backend.tests.test_monetization_credits.TestPurchaseVerify" name="test_verify_unknown_order_404" time="0.072" /><testcase classname="backend.tests.test_monetization_credits.TestPurchaseVerify" name="test_verify_already_credited_idempotent" time="0.069" /><testcase classname="backend.tests.test_monetization_credits.TestRazorpayWebhook" name="test_webhook_placeholder_secret_accepts" time="0.074" /><testcase classname="backend.tests.test_monetization_credits.TestRazorpayWebhook" name="test_webhook_idempotent_payment_captured" time="0.652" /><testcase classname="backend.tests.test_monetization_credits.TestPurchaseHistory" name="test_history_returns_self_only" time="0.072" /><testcase classname="backend.tests.test_monetization_credits.TestSuperAdminPhotographerDetail" name="test_unknown_admin_returns_404" time="0.067" /><testcase classname="backend.tests.test_monetization_credits.TestSuperAdminPhotographerDetail" name="test_requires_super_admin" time="0.067" /><testcase classname="backend.tests.test_monetization_credits.TestSuperAdminPhotographerDetail" name="test_detail_structure" time="0.069" /><testcase classname="backend.tests.test_monetization_credits.TestScalingHeadersAndWhitelist" name="test_public_wishes_cache_control" time="0.073" /><testcase classname="backend.tests.test_monetization_credits.TestScalingHeadersAndWhitelist" name="test_uploads_cache_control" time="0.002" /><testcase classname="backend.tests.test_monetization_credits.TestScalingHeadersAndWhitelist" name="test_wishes_moderation_endpoint_not_abuse_blocked" time="2.081" /><testcase classname="backend.tests.test_monetization_credits.TestNoRegression" name="test_live_gallery_public_list" time="0.068" /><testcase classname="backend.tests.test_monetization_credits.TestNoRegression" name="test_public_wishes" time="0.066" /><testcase classname="backend.tests.test_monetization_credits.TestNoRegression" name="test_analytics_heatmap" time="0.067" /></testsuite></testsuites>