<?xml version="1.0" encoding="utf-8"?><testsuites name="pytest tests"><testsuite name="pytest" errors="0" failures="0" skipped="0" tests="23" time="1.719" timestamp="2026-05-15T13:53:21.096161+00:00" hostname="agent-env-fc2f18ed-5e2d-442c-a556-814ac9c9b6a9"><testcase classname="backend.tests.test_prompts_05_07_16_gallery_wishes_analytics.TestNoRegression" name="test_login" time="0.254" /><testcase classname="backend.tests.test_prompts_05_07_16_gallery_wishes_analytics.TestNoRegression" name="test_admin_list_profiles" time="0.004" /><testcase classname="backend.tests.test_prompts_05_07_16_gallery_wishes_analytics.TestNoRegression" name="test_public_invite_resolves" time="0.004" /><testcase classname="backend.tests.test_prompts_05_07_16_gallery_wishes_analytics.TestLiveGallery" name="test_websocket_initial_message" time="0.011" /><testcase classname="backend.tests.test_prompts_05_07_16_gallery_wishes_analytics.TestLiveGallery" name="test_photographer_upload" time="0.109" /><testcase classname="backend.tests.test_prompts_05_07_16_gallery_wishes_analytics.TestLiveGallery" name="test_serve_uploaded_file" time="0.047" /><testcase classname="backend.tests.test_prompts_05_07_16_gallery_wishes_analytics.TestLiveGallery" name="test_guest_upload" time="0.065" /><testcase classname="backend.tests.test_prompts_05_07_16_gallery_wishes_analytics.TestLiveGallery" name="test_public_list_photos" time="0.090" /><testcase classname="backend.tests.test_prompts_05_07_16_gallery_wishes_analytics.TestLiveGallery" name="test_admin_list_photos_with_counts" time="0.004" /><testcase classname="backend.tests.test_prompts_05_07_16_gallery_wishes_analytics.TestLiveGallery" name="test_delete_photo" time="0.088" /><testcase classname="backend.tests.test_prompts_05_07_16_gallery_wishes_analytics.TestWishes" name="test_submit_wish_public" time="0.343" /><testcase classname="backend.tests.test_prompts_05_07_16_gallery_wishes_analytics.TestWishes" name="test_admin_list_pending" time="0.004" /><testcase classname="backend.tests.test_prompts_05_07_16_gallery_wishes_analytics.TestWishes" name="test_approve_one" time="0.087" /><testcase classname="backend.tests.test_prompts_05_07_16_gallery_wishes_analytics.TestWishes" name="test_reject_one" time="0.045" /><testcase classname="backend.tests.test_prompts_05_07_16_gallery_wishes_analytics.TestWishes" name="test_feature_toggle_auto_approves" time="0.089" /><testcase classname="backend.tests.test_prompts_05_07_16_gallery_wishes_analytics.TestWishes" name="test_public_wishes_only_approved_featured_first" time="0.004" /><testcase classname="backend.tests.test_prompts_05_07_16_gallery_wishes_analytics.TestWishes" name="test_bulk_approve" time="0.043" /><testcase classname="backend.tests.test_prompts_05_07_16_gallery_wishes_analytics.TestWishes" name="test_delete_wish_cleanup" time="0.089" /><testcase classname="backend.tests.test_prompts_05_07_16_gallery_wishes_analytics.TestAnalytics" name="test_heatmap_default_90d" time="0.045" /><testcase classname="backend.tests.test_prompts_05_07_16_gallery_wishes_analytics.TestAnalytics" name="test_funnel_four_stages" time="0.045" /><testcase classname="backend.tests.test_prompts_05_07_16_gallery_wishes_analytics.TestAnalytics" name="test_geography" time="0.044" /><testcase classname="backend.tests.test_prompts_05_07_16_gallery_wishes_analytics.TestAnalytics" name="test_ai_insights_and_cache" time="0.088" /><testcase classname="backend.tests.test_prompts_05_07_16_gallery_wishes_analytics.TestAnalytics" name="test_unauthorised_access" time="0.002" /></testsuite></testsuites>